[2019-02-16 19:12:35 @31308.0]	TRACE	swReactorEpoll_add(:140): add event[reactor_id=0, fd=14, events=512]
[2019-02-16 19:12:35 @31308.0]	TRACE	swReactorEpoll_add(:140): add event[reactor_id=0, fd=3, events=512]
[2019-02-16 19:12:35 @31308.0]	TRACE	swReactorEpoll_add(:140): add event[reactor_id=0, fd=4, events=512]
[2019-02-16 19:12:35 @31308.0]	TRACE	swReactorEpoll_add(:140): add event[reactor_id=0, fd=10, events=512]
[2019-02-16 19:12:35 #31308.1]	TRACE	swTimer_add(:166): id=1, exec_msec=1000, msec=1000, round=0, exist=1
[2019-02-16 19:12:35 @31312.0]	TRACE	swReactorEpoll_add(:140): add event[reactor_id=0, fd=9, events=512]
[2019-02-16 19:12:35 *31312.0]	TRACE	Context(:37): alloc stack: size=2097152, ptr=0xb5ffd008
[2019-02-16 19:12:35 *31312.0]	TRACE	php_coro_create(:268): Create coro id: 1, origin cid: -1, coro total count: 1, heap size: 0
[2019-02-16 19:12:36 #31308.1]	TRACE	swTimer_select(:210): timer msec=1008, round=0
[2019-02-16 19:12:36 #31308.1]	TRACE	swTimer_select(:210): timer msec=1010, round=1
[2019-02-16 19:12:36 #31308.1]	TRACE	swTimer_select(:222): id=1, exec_msec=1000, round=0, exist=0
[2019-02-16 19:12:37 #31308.1]	TRACE	swTimer_select(:210): timer msec=2000, round=2
[2019-02-16 19:12:37 #31308.1]	TRACE	swTimer_select(:222): id=1, exec_msec=2000, round=0, exist=0
[2019-02-16 19:12:38 #31308.1]	TRACE	swTimer_select(:210): timer msec=3001, round=3
[2019-02-16 19:12:38 #31308.1]	TRACE	swTimer_select(:222): id=1, exec_msec=3000, round=0, exist=0
[2019-02-16 19:12:39 #31308.1]	TRACE	swTimer_select(:210): timer msec=4001, round=4
[2019-02-16 19:12:39 #31308.1]	TRACE	swTimer_select(:222): id=1, exec_msec=4000, round=0, exist=0
[2019-02-16 19:12:40 #31308.1]	TRACE	swTimer_select(:210): timer msec=5001, round=5
[2019-02-16 19:12:40 #31308.1]	TRACE	swTimer_select(:222): id=1, exec_msec=5000, round=0, exist=0
[2019-02-16 19:12:41 #31308.1]	TRACE	swTimer_select(:210): timer msec=6001, round=6
[2019-02-16 19:12:41 #31308.1]	TRACE	swTimer_select(:222): id=1, exec_msec=6000, round=0, exist=0
[2019-02-16 19:12:42 #31308.1]	TRACE	swTimer_select(:210): timer msec=7001, round=7
[2019-02-16 19:12:42 #31308.1]	TRACE	swTimer_select(:222): id=1, exec_msec=7000, round=0, exist=0
[2019-02-16 19:12:43 #31308.1]	TRACE	swTimer_select(:210): timer msec=8001, round=8
[2019-02-16 19:12:43 #31308.1]	TRACE	swTimer_select(:222): id=1, exec_msec=8000, round=0, exist=0
[2019-02-16 19:12:44 #31308.1]	TRACE	swTimer_select(:210): timer msec=9001, round=9
[2019-02-16 19:12:44 #31308.1]	TRACE	swTimer_select(:222): id=1, exec_msec=9000, round=0, exist=0
[2019-02-16 19:12:44 @31313.0]	TRACE	php_swoole_reactor_init(:205): init reactor
[2019-02-16 19:12:44 *31312.0]	TRACE	sw_coro_close(:478): coro close cid=1 and resume to -1, 1 remained. usage size: 0. malloc size: 9409552
[2019-02-16 19:12:44 *31312.0]	TRACE	~Context(:63): free stack: ptr=0xb5ffd008
[2019-02-16 19:12:44 *31312.0]	TRACE	swReactorEpoll_add(:140): add event[reactor_id=0, fd=13, events=512]
[2019-02-16 19:12:45 #31308.1]	TRACE	swTimer_select(:210): timer msec=10002, round=10
[2019-02-16 19:12:45 #31308.1]	TRACE	swTimer_select(:222): id=1, exec_msec=10000, round=0, exist=0
[2019-02-16 19:12:46 #31308.1]	TRACE	swTimer_select(:210): timer msec=11002, round=11
[2019-02-16 19:12:46 #31308.1]	TRACE	swTimer_select(:222): id=1, exec_msec=11000, round=0, exist=0
[2019-02-16 19:12:47 #31308.1]	TRACE	swTimer_select(:210): timer msec=12002, round=12
[2019-02-16 19:12:47 #31308.1]	TRACE	swTimer_select(:222): id=1, exec_msec=12000, round=0, exist=0
[2019-02-16 19:12:48 #31308.1]	TRACE	swTimer_select(:210): timer msec=13002, round=13
[2019-02-16 19:12:48 #31308.1]	TRACE	swTimer_select(:222): id=1, exec_msec=13000, round=0, exist=0
[2019-02-16 19:12:49 #31308.1]	TRACE	swTimer_select(:210): timer msec=14002, round=14
[2019-02-16 19:12:49 #31308.1]	TRACE	swTimer_select(:222): id=1, exec_msec=14000, round=0, exist=0
[2019-02-16 19:12:50 #31308.1]	TRACE	swTimer_select(:210): timer msec=15002, round=15
[2019-02-16 19:12:50 #31308.1]	TRACE	swTimer_select(:222): id=1, exec_msec=15000, round=0, exist=0
[2019-02-16 19:12:51 #31308.1]	TRACE	swTimer_select(:210): timer msec=16002, round=16
[2019-02-16 19:12:51 #31308.1]	TRACE	swTimer_select(:222): id=1, exec_msec=16000, round=0, exist=0
[2019-02-16 19:12:52 #31308.1]	TRACE	swTimer_select(:210): timer msec=17002, round=17
[2019-02-16 19:12:52 #31308.1]	TRACE	swTimer_select(:222): id=1, exec_msec=17000, round=0, exist=0
[2019-02-16 19:12:53 #31308.1]	TRACE	swTimer_select(:210): timer msec=18001, round=18
[2019-02-16 19:12:53 #31308.1]	TRACE	swTimer_select(:222): id=1, exec_msec=18000, round=0, exist=0
[2019-02-16 19:12:53 #31308.1]	TRACE	swServer_master_onAccept(:114): [Master] Accept new connection. maxfd=4|reactor_id=1|conn=16
[2019-02-16 19:12:53 #31308.0]	TRACE	swReactorThread_onWrite(:701): fd=16, conn->connect_notify=1, conn->close_notify=0, serv->disable_notify=0, conn->close_force=0
[2019-02-16 19:12:53 #31308.0]	TRACE	swReactorEpoll_set(:187): set event[reactor_id=0, fd=16, events=512]
[2019-02-16 19:12:53 #31308.0]	TRACE	swConnection_recv(:187): recv 477/65536 bytes, errno=0
[2019-02-16 19:12:53 #31308.0]	TRACE	swPort_onRead_http(:436): content-length=0, keep-alive=0
[2019-02-16 19:12:53 #31308.1]	TRACE	swReactorEpoll_add(:140): add event[reactor_id=0, fd=16, events=1024]
[2019-02-16 19:12:53 #31308.1]	TRACE	swTimer_select(:210): timer msec=18076, round=19
[2019-02-16 19:12:53 #31308.0]	TRACE	swReactorThread_dispatch(:1215): send string package, size=477 bytes.
[2019-02-16 19:12:53 #31308.0]	TRACE	swReactorThread_dispatch(:1247): dispatch, type=10|len=477
[2019-02-16 19:12:53 *31312.0]	TRACE	php_swoole_http_onReceive(:1030): http request from 1 with 477 bytes: <<EOF
GET /user/login HTTP/1.1
Host: 172.16.233.130:8082
User-Agent: Mozilla/5.0 (Windows NT 6.1; Win64; x64; rv:65.0) Gecko/20100101 Firefox/65.0
Accept: text/html,application/xhtml+xml,application/xml;q=0.9,image/webp,*/*;q=0.8
Accept-Language: zh-CN,zh;q=0.8,zh-TW;q=0.7,zh-HK;q=0.5,en-US;q=0.3,en;q=0.2
Accept-Encoding: gzip, deflate
Connection: keep-alive
Cookie: Z_S_ID=28IYzjnh4AK2bFCWDghNrCKVp6BEn5RpeESzgTNi
Upgrade-Insecure-Requests: 1
Cache-Control: max-age=0


EOF
[2019-02-16 19:12:53 *31312.0]	TRACE	Context(:37): alloc stack: size=2097152, ptr=0xb5ffd008
[2019-02-16 19:12:53 *31312.0]	TRACE	php_coro_create(:268): Create coro id: 2, origin cid: -1, coro total count: 1, heap size: 0
[2019-02-16 19:12:53 *31312.0]	TRACE	swReactorEpoll_add(:140): add event[reactor_id=0, fd=14, events=1024]
[2019-02-16 19:12:53 *31312.0]	TRACE	swTimer_add(:166): id=1, exec_msec=1000, msec=1000, round=0, exist=1
[2019-02-16 19:12:53 *31312.0]	TRACE	php_coro_yield(:325): php_coro_yield from cid=2 to cid=-1
[2019-02-16 19:12:53 *31312.0]	TRACE	swTimer_select(:210): timer msec=0, round=0
[2019-02-16 19:12:53 *31312.0]	TRACE	swReactorEpoll_del(:155): remove event[reactor_id=0|fd=14]
[2019-02-16 19:12:53 *31312.0]	TRACE	php_coro_resume(:336): php_coro_resume from cid=-1 to cid=2
[2019-02-16 19:12:53 *31312.0]	TRACE	swTimer_del(:193): id=1, exec_msec=1000, round=0, exist=0
[2019-02-16 19:12:53 *31312.0]	TRACE	push(:147): push data to channel, count=1
[2019-02-16 19:12:53 *31312.0]	TRACE	push(:147): push data to channel, count=1
[2019-02-16 19:12:53 *31312.0]	TRACE	swFactoryProcess_finish(:276): [Worker] send: sendn=783|type=0|content=<<EOF

[2019-02-16 19:12:53 *31312.0]	TRACE	sw_coro_close(:478): coro close cid=2 and resume to -1, 1 remained. usage size: 0. malloc size: 9873664
[2019-02-16 19:12:53 *31312.0]	TRACE	~Context(:63): free stack: ptr=0xb5ffd008
[2019-02-16 19:12:53 *31312.0]	TRACE	swTimer_select(:210): timer msec=22, round=1
[2019-02-16 19:12:54 #31308.1]	TRACE	swTimer_select(:210): timer msec=19002, round=20
[2019-02-16 19:12:54 #31308.1]	TRACE	swTimer_select(:222): id=1, exec_msec=19000, round=0, exist=0
[2019-02-16 19:12:54 #31308.0]	TRACE	swConnection_recv(:187): recv 477/65536 bytes, errno=11
[2019-02-16 19:12:54 #31308.0]	TRACE	swPort_onRead_http(:436): content-length=0, keep-alive=0
[2019-02-16 19:12:54 #31308.0]	TRACE	swReactorThread_dispatch(:1215): send string package, size=477 bytes.
[2019-02-16 19:12:54 #31308.0]	TRACE	swReactorThread_dispatch(:1247): dispatch, type=10|len=477
[2019-02-16 19:12:54 *31312.0]	TRACE	php_swoole_http_onReceive(:1030): http request from 1 with 477 bytes: <<EOF
GET /user/login HTTP/1.1
Host: 172.16.233.130:8082
User-Agent: Mozilla/5.0 (Windows NT 6.1; Win64; x64; rv:65.0) Gecko/20100101 Firefox/65.0
Accept: text/html,application/xhtml+xml,application/xml;q=0.9,image/webp,*/*;q=0.8
Accept-Language: zh-CN,zh;q=0.8,zh-TW;q=0.7,zh-HK;q=0.5,en-US;q=0.3,en;q=0.2
Accept-Encoding: gzip, deflate
Connection: keep-alive
Cookie: Z_S_ID=28IYzjnh4AK2bFCWDghNrCKVp6BEn5RpeESzgTNi
Upgrade-Insecure-Requests: 1
Cache-Control: max-age=0


EOF
[2019-02-16 19:12:54 *31312.0]	TRACE	Context(:37): alloc stack: size=2097152, ptr=0xb5ffd008
[2019-02-16 19:12:54 *31312.0]	TRACE	php_coro_create(:268): Create coro id: 3, origin cid: -1, coro total count: 1, heap size: 0
[2019-02-16 19:12:54 *31312.0]	TRACE	push(:147): push data to channel, count=1
[2019-02-16 19:12:54 *31312.0]	TRACE	push(:147): push data to channel, count=1
[2019-02-16 19:12:54 *31312.0]	TRACE	swFactoryProcess_finish(:276): [Worker] send: sendn=782|type=0|content=<<EOF

[2019-02-16 19:12:54 *31312.0]	TRACE	sw_coro_close(:478): coro close cid=3 and resume to -1, 1 remained. usage size: 0. malloc size: 9882312
[2019-02-16 19:12:54 *31312.0]	TRACE	~Context(:63): free stack: ptr=0xb5ffd008
[2019-02-16 19:12:54 *31312.0]	TRACE	swTimer_select(:210): timer msec=1089, round=2
[2019-02-16 19:12:54 #31308.0]	TRACE	swConnection_recv(:187): recv 477/65536 bytes, errno=11
[2019-02-16 19:12:54 #31308.0]	TRACE	swPort_onRead_http(:436): content-length=0, keep-alive=0
[2019-02-16 19:12:54 #31308.0]	TRACE	swReactorThread_dispatch(:1215): send string package, size=477 bytes.
[2019-02-16 19:12:54 #31308.0]	TRACE	swReactorThread_dispatch(:1247): dispatch, type=10|len=477
[2019-02-16 19:12:54 *31312.0]	TRACE	php_swoole_http_onReceive(:1030): http request from 1 with 477 bytes: <<EOF
GET /user/login HTTP/1.1
Host: 172.16.233.130:8082
User-Agent: Mozilla/5.0 (Windows NT 6.1; Win64; x64; rv:65.0) Gecko/20100101 Firefox/65.0
Accept: text/html,application/xhtml+xml,application/xml;q=0.9,image/webp,*/*;q=0.8
Accept-Language: zh-CN,zh;q=0.8,zh-TW;q=0.7,zh-HK;q=0.5,en-US;q=0.3,en;q=0.2
Accept-Encoding: gzip, deflate
Connection: keep-alive
Cookie: Z_S_ID=28IYzjnh4AK2bFCWDghNrCKVp6BEn5RpeESzgTNi
Upgrade-Insecure-Requests: 1
Cache-Control: max-age=0


EOF
[2019-02-16 19:12:54 *31312.0]	TRACE	Context(:37): alloc stack: size=2097152, ptr=0xb5ffd008
[2019-02-16 19:12:54 *31312.0]	TRACE	php_coro_create(:268): Create coro id: 4, origin cid: -1, coro total count: 1, heap size: 0
[2019-02-16 19:12:54 *31312.0]	TRACE	push(:147): push data to channel, count=1
[2019-02-16 19:12:54 *31312.0]	TRACE	push(:147): push data to channel, count=1
[2019-02-16 19:12:54 *31312.0]	TRACE	swFactoryProcess_finish(:276): [Worker] send: sendn=784|type=0|content=<<EOF

[2019-02-16 19:12:54 *31312.0]	TRACE	sw_coro_close(:478): coro close cid=4 and resume to -1, 1 remained. usage size: 0. malloc size: 9886952
[2019-02-16 19:12:54 *31312.0]	TRACE	~Context(:63): free stack: ptr=0xb5ffd008
[2019-02-16 19:12:54 *31312.0]	TRACE	swTimer_select(:210): timer msec=1689, round=3
[2019-02-16 19:12:55 #31308.1]	TRACE	swTimer_select(:210): timer msec=20003, round=21
[2019-02-16 19:12:55 #31308.1]	TRACE	swTimer_select(:222): id=1, exec_msec=20000, round=0, exist=0
[2019-02-16 19:12:56 #31308.1]	TRACE	swTimer_select(:210): timer msec=21003, round=22
[2019-02-16 19:12:56 #31308.1]	TRACE	swTimer_select(:222): id=1, exec_msec=21000, round=0, exist=0
[2019-02-16 19:12:57 #31308.1]	TRACE	swTimer_select(:210): timer msec=22001, round=23
[2019-02-16 19:12:57 #31308.1]	TRACE	swTimer_select(:222): id=1, exec_msec=22000, round=0, exist=0
[2019-02-16 19:12:58 #31308.1]	TRACE	swTimer_select(:210): timer msec=23002, round=24
[2019-02-16 19:12:58 #31308.1]	TRACE	swTimer_select(:222): id=1, exec_msec=23000, round=0, exist=0
[2019-02-16 19:12:59 #31308.1]	TRACE	swTimer_select(:210): timer msec=24004, round=25
[2019-02-16 19:12:59 #31308.1]	TRACE	swTimer_select(:222): id=1, exec_msec=24000, round=0, exist=0
[2019-02-16 19:13:00 #31308.1]	TRACE	swTimer_select(:210): timer msec=25002, round=26
[2019-02-16 19:13:00 #31308.1]	TRACE	swTimer_select(:222): id=1, exec_msec=25000, round=0, exist=0
[2019-02-16 19:13:01 #31308.1]	TRACE	swTimer_select(:210): timer msec=26002, round=27
[2019-02-16 19:13:01 #31308.1]	TRACE	swTimer_select(:222): id=1, exec_msec=26000, round=0, exist=0
[2019-02-16 19:13:02 #31308.1]	TRACE	swTimer_select(:210): timer msec=27003, round=28
[2019-02-16 19:13:02 #31308.1]	TRACE	swTimer_select(:222): id=1, exec_msec=27000, round=0, exist=0
[2019-02-16 19:13:03 #31308.1]	TRACE	swTimer_select(:210): timer msec=28003, round=29
[2019-02-16 19:13:03 #31308.1]	TRACE	swTimer_select(:222): id=1, exec_msec=28000, round=0, exist=0
[2019-02-16 19:13:04 #31308.1]	TRACE	swTimer_select(:210): timer msec=29002, round=30
[2019-02-16 19:13:04 #31308.1]	TRACE	swTimer_select(:222): id=1, exec_msec=29000, round=0, exist=0
[2019-02-16 19:13:05 #31308.1]	TRACE	swTimer_select(:210): timer msec=30002, round=31
[2019-02-16 19:13:05 #31308.1]	TRACE	swTimer_select(:222): id=1, exec_msec=30000, round=0, exist=0
[2019-02-16 19:13:06 #31308.1]	TRACE	swTimer_select(:210): timer msec=31002, round=32
[2019-02-16 19:13:06 #31308.1]	TRACE	swTimer_select(:222): id=1, exec_msec=31000, round=0, exist=0
[2019-02-16 19:13:07 #31308.1]	TRACE	swTimer_select(:210): timer msec=32002, round=33
[2019-02-16 19:13:07 #31308.1]	TRACE	swTimer_select(:222): id=1, exec_msec=32000, round=0, exist=0
[2019-02-16 19:13:08 #31308.1]	TRACE	swTimer_select(:210): timer msec=33002, round=34
[2019-02-16 19:13:08 #31308.1]	TRACE	swTimer_select(:222): id=1, exec_msec=33000, round=0, exist=0
[2019-02-16 19:13:09 #31308.1]	TRACE	swTimer_select(:210): timer msec=34002, round=35
[2019-02-16 19:13:09 #31308.1]	TRACE	swTimer_select(:222): id=1, exec_msec=34000, round=0, exist=0
[2019-02-16 19:13:10 #31308.1]	TRACE	swTimer_select(:210): timer msec=35002, round=36
[2019-02-16 19:13:10 #31308.1]	TRACE	swTimer_select(:222): id=1, exec_msec=35000, round=0, exist=0
[2019-02-16 19:13:11 #31308.1]	TRACE	swTimer_select(:210): timer msec=36003, round=37
[2019-02-16 19:13:11 #31308.1]	TRACE	swTimer_select(:222): id=1, exec_msec=36000, round=0, exist=0
[2019-02-16 19:13:12 #31308.1]	TRACE	swTimer_select(:210): timer msec=37003, round=38
[2019-02-16 19:13:12 #31308.1]	TRACE	swTimer_select(:222): id=1, exec_msec=37000, round=0, exist=0
[2019-02-16 19:13:13 #31308.1]	TRACE	swTimer_select(:210): timer msec=38002, round=39
[2019-02-16 19:13:13 #31308.1]	TRACE	swTimer_select(:222): id=1, exec_msec=38000, round=0, exist=0
[2019-02-16 19:13:14 #31308.1]	TRACE	swTimer_select(:210): timer msec=39002, round=40
[2019-02-16 19:13:14 #31308.1]	TRACE	swTimer_select(:222): id=1, exec_msec=39000, round=0, exist=0
[2019-02-16 19:13:15 #31308.1]	TRACE	swTimer_select(:210): timer msec=40002, round=41
[2019-02-16 19:13:15 #31308.1]	TRACE	swTimer_select(:222): id=1, exec_msec=40000, round=0, exist=0
[2019-02-16 19:13:16 #31308.1]	TRACE	swTimer_select(:210): timer msec=41001, round=42
[2019-02-16 19:13:16 #31308.1]	TRACE	swTimer_select(:222): id=1, exec_msec=41000, round=0, exist=0
[2019-02-16 19:13:17 #31308.1]	TRACE	swTimer_select(:210): timer msec=42003, round=43
[2019-02-16 19:13:17 #31308.1]	TRACE	swTimer_select(:222): id=1, exec_msec=42000, round=0, exist=0
[2019-02-16 19:13:18 #31308.1]	TRACE	swTimer_select(:210): timer msec=43001, round=44
[2019-02-16 19:13:18 #31308.1]	TRACE	swTimer_select(:222): id=1, exec_msec=43000, round=0, exist=0
[2019-02-16 19:13:19 #31308.1]	TRACE	swTimer_select(:210): timer msec=44002, round=45
[2019-02-16 19:13:19 #31308.1]	TRACE	swTimer_select(:222): id=1, exec_msec=44000, round=0, exist=0
[2019-02-16 19:13:20 #31308.1]	TRACE	swTimer_select(:210): timer msec=45003, round=46
[2019-02-16 19:13:20 #31308.1]	TRACE	swTimer_select(:222): id=1, exec_msec=45000, round=0, exist=0
[2019-02-16 19:13:21 #31308.1]	TRACE	swTimer_select(:210): timer msec=46002, round=47
[2019-02-16 19:13:21 #31308.1]	TRACE	swTimer_select(:222): id=1, exec_msec=46000, round=0, exist=0
[2019-02-16 19:13:22 #31308.1]	TRACE	swTimer_select(:210): timer msec=47003, round=48
[2019-02-16 19:13:22 #31308.1]	TRACE	swTimer_select(:222): id=1, exec_msec=47000, round=0, exist=0
[2019-02-16 19:13:23 #31308.1]	TRACE	swTimer_select(:210): timer msec=48002, round=49
[2019-02-16 19:13:23 #31308.1]	TRACE	swTimer_select(:222): id=1, exec_msec=48000, round=0, exist=0
[2019-02-16 19:13:24 #31308.1]	TRACE	swTimer_select(:210): timer msec=49002, round=50
[2019-02-16 19:13:24 #31308.1]	TRACE	swTimer_select(:222): id=1, exec_msec=49000, round=0, exist=0
[2019-02-16 19:13:25 #31308.1]	TRACE	swTimer_select(:210): timer msec=50002, round=51
[2019-02-16 19:13:25 #31308.1]	TRACE	swTimer_select(:222): id=1, exec_msec=50000, round=0, exist=0
[2019-02-16 19:13:26 #31308.1]	TRACE	swTimer_select(:210): timer msec=51003, round=52
[2019-02-16 19:13:26 #31308.1]	TRACE	swTimer_select(:222): id=1, exec_msec=51000, round=0, exist=0
[2019-02-16 19:13:27 #31308.1]	TRACE	swTimer_select(:210): timer msec=52004, round=53
[2019-02-16 19:13:27 #31308.1]	TRACE	swTimer_select(:222): id=1, exec_msec=52000, round=0, exist=0
[2019-02-16 19:13:28 #31308.1]	TRACE	swTimer_select(:210): timer msec=53002, round=54
[2019-02-16 19:13:28 #31308.1]	TRACE	swTimer_select(:222): id=1, exec_msec=53000, round=0, exist=0
[2019-02-16 19:13:29 #31308.1]	TRACE	swTimer_select(:210): timer msec=54003, round=55
[2019-02-16 19:13:29 #31308.1]	TRACE	swTimer_select(:222): id=1, exec_msec=54000, round=0, exist=0
[2019-02-16 19:13:30 #31308.1]	TRACE	swTimer_select(:210): timer msec=55001, round=56
[2019-02-16 19:13:30 #31308.1]	TRACE	swTimer_select(:222): id=1, exec_msec=55000, round=0, exist=0
[2019-02-16 19:13:31 #31308.1]	TRACE	swTimer_select(:210): timer msec=56003, round=57
[2019-02-16 19:13:31 #31308.1]	TRACE	swTimer_select(:222): id=1, exec_msec=56000, round=0, exist=0
[2019-02-16 19:13:32 #31308.1]	TRACE	swTimer_select(:210): timer msec=57002, round=58
[2019-02-16 19:13:32 #31308.1]	TRACE	swTimer_select(:222): id=1, exec_msec=57000, round=0, exist=0
[2019-02-16 19:13:33 #31308.1]	TRACE	swTimer_select(:210): timer msec=58002, round=59
[2019-02-16 19:13:33 #31308.1]	TRACE	swTimer_select(:222): id=1, exec_msec=58000, round=0, exist=0
[2019-02-16 19:13:34 #31308.1]	TRACE	swTimer_select(:210): timer msec=59003, round=60
[2019-02-16 19:13:34 #31308.1]	TRACE	swTimer_select(:222): id=1, exec_msec=59000, round=0, exist=0
[2019-02-16 19:13:35 #31308.1]	TRACE	swTimer_select(:210): timer msec=60002, round=61
[2019-02-16 19:13:35 #31308.1]	TRACE	swTimer_select(:222): id=1, exec_msec=60000, round=0, exist=0
[2019-02-16 19:13:36 #31308.1]	TRACE	swTimer_select(:210): timer msec=61003, round=62
[2019-02-16 19:13:36 #31308.1]	TRACE	swTimer_select(:222): id=1, exec_msec=61000, round=0, exist=0
[2019-02-16 19:13:37 #31308.1]	TRACE	swTimer_select(:210): timer msec=62004, round=63
[2019-02-16 19:13:37 #31308.1]	TRACE	swTimer_select(:222): id=1, exec_msec=62000, round=0, exist=0
[2019-02-16 19:13:38 #31308.1]	TRACE	swTimer_select(:210): timer msec=63001, round=64
[2019-02-16 19:13:38 #31308.1]	TRACE	swTimer_select(:222): id=1, exec_msec=63000, round=0, exist=0
[2019-02-16 19:13:39 #31308.1]	TRACE	swTimer_select(:210): timer msec=64002, round=65
[2019-02-16 19:13:39 #31308.1]	TRACE	swTimer_select(:222): id=1, exec_msec=64000, round=0, exist=0
[2019-02-16 19:13:40 #31308.1]	TRACE	swTimer_select(:210): timer msec=65002, round=66
[2019-02-16 19:13:40 #31308.1]	TRACE	swTimer_select(:222): id=1, exec_msec=65000, round=0, exist=0
[2019-02-16 19:13:41 #31308.1]	TRACE	swTimer_select(:210): timer msec=66002, round=67
[2019-02-16 19:13:41 #31308.1]	TRACE	swTimer_select(:222): id=1, exec_msec=66000, round=0, exist=0
[2019-02-16 19:13:42 #31308.1]	TRACE	swTimer_select(:210): timer msec=67002, round=68
[2019-02-16 19:13:42 #31308.1]	TRACE	swTimer_select(:222): id=1, exec_msec=67000, round=0, exist=0
[2019-02-16 19:13:43 #31308.1]	TRACE	swTimer_select(:210): timer msec=68002, round=69
[2019-02-16 19:13:43 #31308.1]	TRACE	swTimer_select(:222): id=1, exec_msec=68000, round=0, exist=0
[2019-02-16 19:13:44 #31308.1]	TRACE	swTimer_select(:210): timer msec=69002, round=70
[2019-02-16 19:13:44 #31308.1]	TRACE	swTimer_select(:222): id=1, exec_msec=69000, round=0, exist=0
[2019-02-16 19:13:45 #31308.1]	TRACE	swTimer_select(:210): timer msec=70002, round=71
[2019-02-16 19:13:45 #31308.1]	TRACE	swTimer_select(:222): id=1, exec_msec=70000, round=0, exist=0
[2019-02-16 19:13:46 #31308.1]	TRACE	swTimer_select(:210): timer msec=71002, round=72
[2019-02-16 19:13:46 #31308.1]	TRACE	swTimer_select(:222): id=1, exec_msec=71000, round=0, exist=0
[2019-02-16 19:13:47 #31308.1]	TRACE	swTimer_select(:210): timer msec=72002, round=73
[2019-02-16 19:13:47 #31308.1]	TRACE	swTimer_select(:222): id=1, exec_msec=72000, round=0, exist=0
[2019-02-16 19:13:48 #31308.1]	TRACE	swTimer_select(:210): timer msec=73002, round=74
[2019-02-16 19:13:48 #31308.1]	TRACE	swTimer_select(:222): id=1, exec_msec=73000, round=0, exist=0
[2019-02-16 19:13:49 #31308.1]	TRACE	swTimer_select(:210): timer msec=74002, round=75
[2019-02-16 19:13:49 #31308.1]	TRACE	swTimer_select(:222): id=1, exec_msec=74000, round=0, exist=0
[2019-02-16 19:13:50 #31308.1]	TRACE	swTimer_select(:210): timer msec=75003, round=76
[2019-02-16 19:13:50 #31308.1]	TRACE	swTimer_select(:222): id=1, exec_msec=75000, round=0, exist=0
[2019-02-16 19:13:51 #31308.1]	TRACE	swTimer_select(:210): timer msec=76003, round=77
[2019-02-16 19:13:51 #31308.1]	TRACE	swTimer_select(:222): id=1, exec_msec=76000, round=0, exist=0
[2019-02-16 19:13:52 #31308.1]	TRACE	swTimer_select(:210): timer msec=77001, round=78
[2019-02-16 19:13:52 #31308.1]	TRACE	swTimer_select(:222): id=1, exec_msec=77000, round=0, exist=0
[2019-02-16 19:13:53 #31308.1]	TRACE	swTimer_select(:210): timer msec=78002, round=79
[2019-02-16 19:13:53 #31308.1]	TRACE	swTimer_select(:222): id=1, exec_msec=78000, round=0, exist=0
[2019-02-16 19:13:54 #31308.1]	TRACE	swTimer_select(:210): timer msec=79002, round=80
[2019-02-16 19:13:54 #31308.1]	TRACE	swTimer_select(:222): id=1, exec_msec=79000, round=0, exist=0
[2019-02-16 19:13:55 #31308.1]	TRACE	swTimer_select(:210): timer msec=80003, round=81
[2019-02-16 19:13:55 #31308.1]	TRACE	swTimer_select(:222): id=1, exec_msec=80000, round=0, exist=0
[2019-02-16 19:13:56 #31308.1]	TRACE	swTimer_select(:210): timer msec=81002, round=82
[2019-02-16 19:13:56 #31308.1]	TRACE	swTimer_select(:222): id=1, exec_msec=81000, round=0, exist=0
[2019-02-16 19:13:57 #31308.1]	TRACE	swTimer_select(:210): timer msec=82006, round=83
[2019-02-16 19:13:57 #31308.1]	TRACE	swTimer_select(:222): id=1, exec_msec=82000, round=0, exist=0
[2019-02-18 10:39:05 *14980.0]	ERROR	zm_deactivate_swoole (ERROR 503): Fatal error: require_once(): Failed opening required '/home/wwwroot/abcd.lhydejia.site/login/vendor\autoload.php' (include_path='/home/wwwroot/abcd.lhydejia.site/login/vendor/phpseclib/phpseclib/phpseclib:.:/usr/local/php/lib/php') in /home/wwwroot/abcd.lhydejia.site/login/app/Controllers/Api/UserController.php on line 64.
[2019-02-18 10:39:05 $14964.0]	WARNING	swManager_check_exit_status: worker#0 abnormal exit, status=255, signal=0
